"../../../../../UnrealEngine/Unreal Projects/Rewind/Content/Blueprints/RewindManager/Rewindable.uasset" 0
"../../../../../UnrealEngine/Unreal Projects/Rewind/Content/Blueprints/DamagingInterface.uasset" 1
"../../../../../UnrealEngine/Unreal Projects/Rewind/Content/Weapons/InfinityBladeWeapons/Weapons/Dual_Blade/Dual_Blade_WrappedDeath/SK_Dual_Blade_WrappedDeath_Skeleton.uasset" 2
"../../../../../UnrealEngine/Unreal Projects/Rewind/Content/Weapons/InfinityBladeWeapons/Weapons/Dual_Blade/Dual_Blade_WrappedDeath/T_Dual_Blade_WrappedDeath2_N.uasset" 3
"../../../../../UnrealEngine/Unreal Projects/Rewind/Content/Weapons/InfinityBladeWeapons/Weapons/Dual_Blade/Dual_Blade_WrappedDeath/T_Dual_Blade_WrappedDeath2_M.uasset" 4
"../../../../../UnrealEngine/Unreal Projects/Rewind/Content/Weapons/InfinityBladeWeapons/Weapons/Dual_Blade/Dual_Blade_WrappedDeath/T_Dual_Blade_WrappedDeath2_D.uasset" 5
"../../../../../UnrealEngine/Unreal Projects/Rewind/Content/Weapons/InfinityBladeWeapons/Weapons/Dual_Blade/Dual_Blade_WrappedDeath/T_Dual_Blade_WrappedDeath1_N.uasset" 6
"../../../../../UnrealEngine/Unreal Projects/Rewind/Content/Weapons/InfinityBladeWeapons/Weapons/Dual_Blade/Dual_Blade_WrappedDeath/T_Dual_Blade_WrappedDeath1_D.uasset" 7
"../../../../../UnrealEngine/Unreal Projects/Rewind/Content/Weapons/InfinityBladeWeapons/Weapons/Dual_Blade/Dual_Blade_WrappedDeath/M_Dual_Blade_WrappedDeath.uasset" 8
"../../../../../UnrealEngine/Unreal Projects/Rewind/Content/Weapons/InfinityBladeWeapons/Weapons/Dual_Blade/Dual_Blade_WrappedDeath/SK_Dual_Blade_WrappedDeath.uasset" 9
"../../../../../UnrealEngine/Unreal Projects/Rewind/Content/Geometry/Meshes/Character/SK_Mannequin_PhysicsAsset.uasset" 10
"../../../../../UnrealEngine/Unreal Projects/Rewind/Content/Textures/Character/T_UE4Logo_N.uasset" 11
"../../../../../UnrealEngine/Unreal Projects/Rewind/Content/Textures/Character/T_UE4Logo_Mask.uasset" 12
"../../../../../UnrealEngine/Unreal Projects/Rewind/Content/Textures/Character/T_Male_N.uasset" 13
"../../../../../UnrealEngine/Unreal Projects/Rewind/Content/Textures/Character/T_Male_Mask.uasset" 14
"../../../../../UnrealEngine/Unreal Projects/Rewind/Content/Materials/Character/MaterialLayers/T_ML_Rubber_Blue_01_N.uasset" 15
"../../../../../UnrealEngine/Unreal Projects/Rewind/Content/Materials/Character/MaterialLayers/T_ML_Rubber_Blue_01_D.uasset" 16
"../../../../../UnrealEngine/Unreal Projects/Rewind/Content/Materials/Character/MaterialLayers/T_ML_Aluminum01_N.uasset" 17
"../../../../../UnrealEngine/Unreal Projects/Rewind/Content/Materials/Character/MaterialLayers/T_ML_Aluminum01.uasset" 18
"../../../../../UnrealEngine/Unreal Projects/Rewind/Content/Materials/Character/MaterialLayers/ML_SoftMetal_UE4.uasset" 19
"../../../../../UnrealEngine/Unreal Projects/Rewind/Content/Materials/Character/MaterialLayers/ML_Plastic_Shiny_Beige_LOGO.uasset" 20
"../../../../../UnrealEngine/Unreal Projects/Rewind/Content/Materials/Character/MaterialLayers/ML_Plastic_Shiny_Beige.uasset" 21
"../../../../../UnrealEngine/Unreal Projects/Rewind/Content/Materials/Character/MaterialLayers/ML_GlossyBlack_Latex_UE4.uasset" 22
"../../../Engine/Content/Functions/MaterialLayerFunctions/MatLayerBlend_Simple.uasset" 23
"../../../Engine/Content/Functions/Engine_MaterialFunctions02/Utility/BlendAngleCorrectedNormals.uasset" 24
"../../../Engine/Content/Functions/MaterialLayerFunctions/MatLayerBlend_NormalBlend.uasset" 25
"../../../../../UnrealEngine/Unreal Projects/Rewind/Content/Materials/Character/M_Male_Body.uasset" 26
"../../../../../UnrealEngine/Unreal Projects/Rewind/Content/Materials/Character/M_UE4Man_ChestLogo.uasset" 27
"../../../../../UnrealEngine/Unreal Projects/Rewind/Content/Geometry/Meshes/Character/UE4_Mannequin_Skeleton.uasset" 28
"../../../../../UnrealEngine/Unreal Projects/Rewind/Content/Geometry/Meshes/Character/SK_Mannequin.uasset" 29
"../../../Engine/Content/EditorBlueprintResources/StandardMacros.uasset" 30
"../../../../../UnrealEngine/Unreal Projects/Rewind/Content/Blueprints/RewindManager/RewindManager.uasset" 31
"../../../Engine/Content/Animation/DefaultAnimCurveCompressionSettings.uasset" 32
"../../../Engine/Content/Animation/DefaultAnimBoneCompressionSettings.uasset" 33
"../../../../../UnrealEngine/Unreal Projects/Rewind/Content/Animations/Character/ThirdPersonJump_Loop.uasset" 34
"../../../../../UnrealEngine/Unreal Projects/Rewind/Content/Animations/Character/ThirdPersonJump_Start.uasset" 35
"../../../../../UnrealEngine/Unreal Projects/Rewind/Content/Animations/Character/Movement/RunBackward.uasset" 36
"../../../../../UnrealEngine/Unreal Projects/Rewind/Content/Animations/Character/ThirdPersonIdle.uasset" 37
"../../../../../UnrealEngine/Unreal Projects/Rewind/Content/Animations/Character/Movement/RunBackwardBlend.uasset" 38
"../../../../../UnrealEngine/Unreal Projects/Rewind/Content/Animations/Character/Movement/RunBase.uasset" 39
"../../../../../UnrealEngine/Unreal Projects/Rewind/Content/Animations/Character/Movement/RunForwardBlend.uasset" 40
"../../../../../UnrealEngine/Unreal Projects/Rewind/Content/Animations/Character/Movement/RunSlow.uasset" 41
"../../../../../UnrealEngine/Unreal Projects/Rewind/Content/Animations/Character/Movement/RunSlowBlend.uasset" 42
"../../../../../UnrealEngine/Unreal Projects/Rewind/Content/Animations/Character/Movement/RollBase.uasset" 43
"../../../../../UnrealEngine/Unreal Projects/Rewind/Content/Animations/Character/Movement/RollSlowComp.uasset" 44
"../../../../../UnrealEngine/Unreal Projects/Rewind/Content/Animations/Character/Movement/RollSlowMontage.uasset" 45
"../../../../../UnrealEngine/Unreal Projects/Rewind/Content/Animations/Character/Movement/RollForwardComp.uasset" 46
"../../../../../UnrealEngine/Unreal Projects/Rewind/Content/Animations/Character/Movement/RollForwardMontage.uasset" 47
"../../../../../UnrealEngine/Unreal Projects/Rewind/Content/Animations/Character/Movement/RollBackwardComp.uasset" 48
"../../../../../UnrealEngine/Unreal Projects/Rewind/Content/Animations/Character/Movement/RollBackwardMontage.uasset" 49
"../../../../../UnrealEngine/Unreal Projects/Rewind/Content/Blueprints/RewindManager/RewindMontageState.uasset" 50
"../../../../../UnrealEngine/Unreal Projects/Rewind/Content/Blueprints/RewindManager/RewindMaterialState.uasset" 51
"../../../../../UnrealEngine/Unreal Projects/Rewind/Content/Blueprints/RewindManager/RewindCollisionResponseToChannelState.uasset" 52
"../../../../../UnrealEngine/Unreal Projects/Rewind/Content/Blueprints/RewindManager/RewindState.uasset" 53
"../../../../../UnrealEngine/Unreal Projects/Rewind/Content/Blueprints/RewindManager/BaseRewindableCharacter.uasset" 54
"../../../../../UnrealEngine/Unreal Projects/Rewind/Content/Animations/Character/Attack/AttackBase.uasset" 55
"../../../../../UnrealEngine/Unreal Projects/Rewind/Content/Animations/Character/Attack/AttackBackwardComp.uasset" 56
"../../../../../UnrealEngine/Unreal Projects/Rewind/Content/Animations/Character/Attack/AttackBackwardMontage.uasset" 57
"../../../../../UnrealEngine/Unreal Projects/Rewind/Content/Animations/Character/Attack/AttackForwardComp.uasset" 58
"../../../../../UnrealEngine/Unreal Projects/Rewind/Content/Animations/Character/Attack/AttackForwardMontage.uasset" 59
"../../../../../UnrealEngine/Unreal Projects/Rewind/Content/Animations/Character/Attack/AttackSlowComp.uasset" 60
"../../../../../UnrealEngine/Unreal Projects/Rewind/Content/Animations/Character/Attack/AttackSlowMontage.uasset" 61
"../../../../../UnrealEngine/Unreal Projects/Rewind/Content/Blueprints/Character/MainPlayerCharacter.uasset" 62
"../../../../../UnrealEngine/Unreal Projects/Rewind/Content/Blueprints/BaseCharacter.uasset" 63
"../../../../../UnrealEngine/Unreal Projects/Rewind/Content/Animations/Character/Death/DeathIdle.uasset" 64
"../../../../../UnrealEngine/Unreal Projects/Rewind/Content/Animations/Character/ThirdPerson_Jump.uasset" 65
"../../../../../UnrealEngine/Unreal Projects/Rewind/Content/Animations/Character/ThirdPerson_AnimBP.uasset" 66
"../../../../../UnrealEngine/Unreal Projects/Rewind/Content/Animations/Character/Death/DeathBase.uasset" 67
"../../../../../UnrealEngine/Unreal Projects/Rewind/Content/Animations/Character/Death/DeathBackwardComp.uasset" 68
"../../../../../UnrealEngine/Unreal Projects/Rewind/Content/Animations/Character/Death/DeathBackwardMontage.uasset" 69
"../../../../../UnrealEngine/Unreal Projects/Rewind/Content/Animations/Character/Death/DeathForwardComp.uasset" 70
"../../../../../UnrealEngine/Unreal Projects/Rewind/Content/Animations/Character/Death/DeathForwardMontage.uasset" 71
"../../../../../UnrealEngine/Unreal Projects/Rewind/Content/Animations/Character/Death/DeathSlowComp.uasset" 72
"../../../../../UnrealEngine/Unreal Projects/Rewind/Content/Animations/Character/Death/DeathSlowMontage.uasset" 73
"../../../../../UnrealEngine/Unreal Projects/Rewind/Content/Blueprints/Character/ThirdPersonCharacter.uasset" 74
"../../../../../UnrealEngine/Unreal Projects/Rewind/Content/ThirdPersonGameMode.uasset" 75
"../../../../../UnrealEngine/Unreal Projects/Rewind/Content/Animations/Character/ThirdPersonJump_End.uasset" 76
"../../../../../UnrealEngine/Unreal Projects/Rewind/Content/Animations/Character/ThirdPersonWalk.uasset" 77
"../../../../../UnrealEngine/Unreal Projects/Rewind/Content/Animations/Character/ThirdPerson_IdleRun_2D.uasset" 78
"../../../../../UnrealEngine/Unreal Projects/Rewind/Content/Animations/Character/Movement/RollBackward.uasset" 79
"../../../../../UnrealEngine/Unreal Projects/Rewind/Content/Animations/Enemy/ThirdPersonJump_End.uasset" 80
"../../../../../UnrealEngine/Unreal Projects/Rewind/Content/Animations/Enemy/ThirdPersonJump_Loop.uasset" 81
"../../../../../UnrealEngine/Unreal Projects/Rewind/Content/Animations/Enemy/ThirdPersonJump_Start.uasset" 82
"../../../../../UnrealEngine/Unreal Projects/Rewind/Content/Animations/Enemy/ThirdPersonWalk.uasset" 83
"../../../../../UnrealEngine/Unreal Projects/Rewind/Content/Animations/Enemy/ThirdPerson_IdleRun_2D.uasset" 84
"../../../../../UnrealEngine/Unreal Projects/Rewind/Content/Animations/Enemy/ThirdPerson_Jump.uasset" 85
"../../../../../UnrealEngine/Unreal Projects/Rewind/Content/Blueprints/Weapons/MainWeapon.uasset" 86
"../../../../../UnrealEngine/Unreal Projects/Rewind/Content/Geometry/Meshes/Character/SK_Mannequin_Female_PhysicsAsset.uasset" 87
"../../../../../UnrealEngine/Unreal Projects/Rewind/Content/Textures/Character/T_Female_N.uasset" 88
"../../../../../UnrealEngine/Unreal Projects/Rewind/Content/Textures/Character/T_Female_Mask.uasset" 89
"../../../../../UnrealEngine/Unreal Projects/Rewind/Content/Materials/Character/MI_Female_Body.uasset" 90
"../../../../../UnrealEngine/Unreal Projects/Rewind/Content/Geometry/Meshes/Character/SK_Mannequin_Female.uasset" 91
"../../../../../UnrealEngine/Unreal Projects/Rewind/Content/ParagonBoris/Characters/Heroes/Boris/Textures/T_Swirly_Noise.uasset" 92
"../../../../../UnrealEngine/Unreal Projects/Rewind/Content/ParagonBoris/Characters/Global/Eyes/Materials/M_EyeGlow_Noise.uasset" 93
"../../../../../UnrealEngine/Unreal Projects/Rewind/Content/Materials/BlueGlow.uasset" 94
"../../../../../UnrealEngine/Unreal Projects/Rewind/Content/Materials/Textures/Building/T_Cave_Floor_N.uasset" 95
"../../../../../UnrealEngine/Unreal Projects/Rewind/Content/Materials/Textures/Building/T_Cave_Floor_D.uasset" 96
"../../../../../UnrealEngine/Unreal Projects/Rewind/Content/Materials/Textures/Building/T_Cave_E.uasset" 97
"../../../../../UnrealEngine/Unreal Projects/Rewind/Content/Materials/PhysicalMaterials/Metal.uasset" 98
"../../../Engine/Content/EngineMaterials/BlendFunc_DefBlend.uasset" 99
"../../../Engine/Content/EngineMaterials/BlendFunc_DefBase.uasset" 100
"../../../Engine/Content/Functions/Engine_MaterialFunctions03/Blends/Blend_Lighten.uasset" 101
"../../../../../UnrealEngine/Unreal Projects/Rewind/Content/Materials/M_Cave_Floor.uasset" 102
"../../../../../UnrealEngine/Unreal Projects/Rewind/Content/Materials/M_Cave_Floor_Inst.uasset" 103
"../../../../../UnrealEngine/Unreal Projects/Rewind/Content/Materials/YellowGlow.uasset" 104
"../../../../../UnrealEngine/Unreal Projects/Rewind/Content/Materials/Enemies/Enemy_Male_Body.uasset" 105
"../../../../../UnrealEngine/Unreal Projects/Rewind/Content/ParagonBoris/Characters/Heroes/Boris/Meshes/Orion_Proto_Retarget.uasset" 106
"../../../../../UnrealEngine/Unreal Projects/Rewind/Content/ParagonBoris/Characters/Heroes/Boris/Meshes/Boris_Skeleton.uasset" 107
"../../../../../UnrealEngine/Unreal Projects/Rewind/Content/ParagonBoris/Characters/Heroes/Boris/Animations/Primary_D.uasset" 108
"../../../../../UnrealEngine/Unreal Projects/Rewind/Content/ParagonBoris/Characters/Heroes/Boris/Animations/Primary_D_Montage.uasset" 109
"../../../../../UnrealEngine/Unreal Projects/Rewind/Content/ParagonBoris/Characters/Heroes/Boris/Animations/Primary_C.uasset" 110
"../../../../../UnrealEngine/Unreal Projects/Rewind/Content/ParagonBoris/Characters/Heroes/Boris/Animations/Primary_C_Montage.uasset" 111
"../../../../../UnrealEngine/Unreal Projects/Rewind/Content/ParagonBoris/Characters/Heroes/Boris/Animations/Primary_B.uasset" 112
"../../../../../UnrealEngine/Unreal Projects/Rewind/Content/ParagonBoris/Characters/Heroes/Boris/Animations/Primary_B_Montage.uasset" 113
"../../../../../UnrealEngine/Unreal Projects/Rewind/Content/ParagonBoris/Characters/Heroes/Boris/Meshes/Boris_ShadowCyl.uasset" 114
"../../../../../UnrealEngine/Unreal Projects/Rewind/Content/ParagonBoris/Characters/Heroes/Boris/Meshes/Boris_Extents.uasset" 115
"../../../../../UnrealEngine/Unreal Projects/Rewind/Content/ParagonBoris/Characters/Heroes/Boris/Textures/T_Boris_head_RGB.uasset" 116
"../../../../../UnrealEngine/Unreal Projects/Rewind/Content/ParagonBoris/Characters/Heroes/Boris/Textures/T_Boris_Head_M.uasset" 117
"../../../../../UnrealEngine/Unreal Projects/Rewind/Content/ParagonBoris/Characters/Heroes/Boris/Materials/SSP_Boris.uasset" 118
"../../../Engine/Content/Functions/MaterialLayerFunctions/MatLayerBlend_BakedNormal.uasset" 119
"../../../Engine/Content/Functions/MaterialLayerFunctions/MatLayerBlend_Standard.uasset" 120
"../../../Engine/Content/Functions/MaterialLayerFunctions/MatLayerBlend_TenLayerBlend.uasset" 121
"../../../../../UnrealEngine/Unreal Projects/Rewind/Content/ParagonBoris/Characters/Heroes/Boris/Textures/T_Boris_head_N.uasset" 122
"../../../../../UnrealEngine/Unreal Projects/Rewind/Content/ParagonBoris/Characters/Heroes/Boris/Textures/T_Boris_head_D.uasset" 123
"../../../../../UnrealEngine/Unreal Projects/Rewind/Content/ParagonBoris/Characters/Global/ParameterCollections/OrionGlobalGameplayCollection.uasset" 124
"../../../Engine/Content/Functions/Engine_MaterialFunctions03/Blends/Lerp_ScratchGrime.uasset" 125
"../../../../../UnrealEngine/Unreal Projects/Rewind/Content/ParagonBoris/Characters/Global/MaterialLayers/T_TestML_Mask.uasset" 126
"../../../Engine/Content/EngineMaterials/DefaultNormal.uasset" 127
"../../../Engine/Content/EngineMaterials/DefaultDiffuse.uasset" 128
"../../../../../UnrealEngine/Unreal Projects/Rewind/Content/ParagonBoris/Characters/Global/MaterialLayers/ML__Blank.uasset" 129
"../../../../../UnrealEngine/Unreal Projects/Rewind/Content/ParagonBoris/Characters/Global/MaterialFunctions/MaterialLayerConstructors/MLC_Standard.uasset" 130
"../../../../../UnrealEngine/Unreal Projects/Rewind/Content/ParagonBoris/Characters/Global/MaterialFunctions/MaterialLayerConstructors/MLC_ScratchAndGrime.uasset" 131
"../../../Engine/Content/Functions/MaterialLayerFunctions/MatLayerBlend_OverrideBaseColor.uasset" 132
"../../../Engine/Content/Functions/MaterialLayerFunctions/MatLayerBlend_BreakBaseColor.uasset" 133
"../../../Engine/Content/Functions/Engine_MaterialFunctions01/Shading/MetallicShading.uasset" 134
"../../../../../UnrealEngine/Unreal Projects/Rewind/Content/ParagonBoris/Characters/Global/MaterialLayers/Rubber/T_Blank_N.uasset" 135
"../../../../../UnrealEngine/Unreal Projects/Rewind/Content/ParagonBoris/Characters/Global/MaterialLayers/Metal/T_Blue_Metal02.uasset" 136
"../../../../../UnrealEngine/Unreal Projects/Rewind/Content/ParagonBoris/Characters/Global/MaterialLayers/Metal/ML_blue_Metal.uasset" 137
"../../../Engine/Content/Functions/MaterialLayerFunctions/MatLayerBlend_Emissive.uasset" 138
"../../../Engine/Content/Functions/Engine_MaterialFunctions02/Utility/BreakOutFloat3Components.uasset" 139
"../../../../../UnrealEngine/Unreal Projects/Rewind/Content/ParagonBoris/Characters/Global/MaterialFunctions/MF_OrionRimlight.uasset" 140
"../../../Engine/Content/Functions/MaterialLayerFunctions/MatLayerBlend_Tint.uasset" 141
"../../../../../UnrealEngine/Unreal Projects/Rewind/Content/ParagonBoris/Characters/Global/MaterialFunctions/MF_HitFlash.uasset" 142
"../../../Engine/Content/Functions/Engine_MaterialFunctions02/Texturing/ScreenAlignedPixelToPixelUVs.uasset" 143
"../../../Engine/Content/EngineMaterials/Good64x64TilingNoiseHighFreq.uasset" 144
"../../../Engine/Content/Functions/Engine_MaterialFunctions02/Utility/DitherTemporalAA.uasset" 145
"../../../Engine/Content/Functions/Engine_MaterialFunctions01/Gradient/LinearGradient.uasset" 146
"../../../Engine/Content/Functions/Engine_MaterialFunctions01/ImageAdjustment/CheapContrast.uasset" 147
"../../../Engine/Content/Functions/Engine_MaterialFunctions01/Texturing/WorldAlignedTexture.uasset" 148
"../../../../../UnrealEngine/Unreal Projects/Rewind/Content/ParagonBoris/Characters/Global/MaterialFunctions/Textures/T_AtmosphericCloudNoise03.uasset" 149
"../../../../../UnrealEngine/Unreal Projects/Rewind/Content/ParagonBoris/Characters/Global/MaterialFunctions/Textures/T_AtmosphericCloudNoise01_N.uasset" 150
"../../../../../UnrealEngine/Unreal Projects/Rewind/Content/ParagonBoris/Characters/Global/MaterialFunctions/Textures/T_AtmosphericCloudNoise01.uasset" 151
"../../../../../UnrealEngine/Unreal Projects/Rewind/Content/ParagonBoris/Characters/Global/MaterialFunctions/MF_DeathFade.uasset" 152
"../../../../../UnrealEngine/Unreal Projects/Rewind/Content/ParagonBoris/Characters/Global/MaterialFunctions/MF_BrightnessAdjust.uasset" 153
"../../../../../UnrealEngine/Unreal Projects/Rewind/Content/ParagonBoris/Characters/Global/MaterialFunctions/MF_CharacterEffects.uasset" 154
"../../../../../UnrealEngine/Unreal Projects/Rewind/Content/ParagonBoris/Characters/Global/MaterialLayers/Skin/T_Pore_Specular.uasset" 155
"../../../../../UnrealEngine/Unreal Projects/Rewind/Content/ParagonBoris/Characters/Global/MaterialLayers/Skin/T_Pore_Normals2.uasset" 156
"../../../Engine/Content/Functions/Engine_MaterialFunctions01/Texturing/FlattenNormal.uasset" 157
"../../../../../UnrealEngine/Unreal Projects/Rewind/Content/ParagonBoris/Characters/Global/MaterialFunctions/MF_SkinPores.uasset" 158
"../../../../../UnrealEngine/Unreal Projects/Rewind/Content/ParagonBoris/Characters/Global/MaterialLayers/Skin/ML_Skin.uasset" 159
"../../../../../UnrealEngine/Unreal Projects/Rewind/Content/ParagonBoris/Characters/Global/MaterialFunctions/MF_CharacterSkinAO.uasset" 160
"../../../Engine/Content/Functions/Engine_MaterialFunctions02/HueShift.uasset" 161
"../../../../../UnrealEngine/Unreal Projects/Rewind/Content/ParagonBoris/Characters/Heroes/Boris/Materials/M_Boris_Mouth.uasset" 162
"../../../../../UnrealEngine/Unreal Projects/Rewind/Content/ParagonBoris/Characters/Heroes/Boris/Textures/T_Substance_Boris_2ndHairUVs_M13_Hair_skin13_Wind.uasset" 163
"../../../../../UnrealEngine/Unreal Projects/Rewind/Content/ParagonBoris/Characters/Heroes/Boris/Textures/T_Boris_Hair_Root_New.uasset" 164
"../../../../../UnrealEngine/Unreal Projects/Rewind/Content/ParagonBoris/Characters/Heroes/Boris/Textures/T_Boris_Hair_Root.uasset" 165
"../../../../../UnrealEngine/Unreal Projects/Rewind/Content/ParagonBoris/Characters/Heroes/Boris/Textures/T_Boris_Hair_Depth.uasset" 166
"../../../../../UnrealEngine/Unreal Projects/Rewind/Content/ParagonBoris/Characters/Heroes/Boris/Textures/T_Boris_Hair_Alpha.uasset" 167
"../../../../../UnrealEngine/Unreal Projects/Rewind/Content/ParagonBoris/Characters/Global/T_Black_Linear.uasset" 168
"../../../../../UnrealEngine/Unreal Projects/Rewind/Content/ParagonBoris/Characters/Global/Hair/TestContent/T_HairClump02_Roots.uasset" 169
"../../../../../UnrealEngine/Unreal Projects/Rewind/Content/ParagonBoris/Characters/Global/Hair/TestContent/T_HairClump02_ID.uasset" 170
"../../../../../UnrealEngine/Unreal Projects/Rewind/Content/ParagonBoris/Characters/Global/Hair/TestContent/T_HairClump02_DyeMask.uasset" 171
"../../../../../UnrealEngine/Unreal Projects/Rewind/Content/ParagonBoris/Characters/Global/Hair/TestContent/T_HairClump02_Depth.uasset" 172
"../../../../../UnrealEngine/Unreal Projects/Rewind/Content/ParagonBoris/Characters/Global/Hair/TestContent/T_HairClump02_Alpha.uasset" 173
"../../../Engine/Content/EngineResources/Black.uasset" 174
"../../../Engine/Content/EditorMaterials/Cascade/CASC_Solo_On.uasset" 175
"../../../Engine/Content/Functions/Engine_MaterialFunctions02/Math/MultiplyAdd.uasset" 176
"../../../../../UnrealEngine/Unreal Projects/Rewind/Content/ParagonBoris/Characters/Global/MaterialFunctions/MF_ParagonCharacterHairWind.uasset" 177
"../../../../../UnrealEngine/Unreal Projects/Rewind/Content/ParagonBoris/Characters/Global/Hair/Materials/MF_BlendHairColorsWithParam.uasset" 178
"../../../../../UnrealEngine/Unreal Projects/Rewind/Content/ParagonBoris/Characters/Global/Hair/T_gradient_stasis.uasset" 179
"../../../../../UnrealEngine/Unreal Projects/Rewind/Content/ParagonBoris/Characters/Global/Hair/T_Fire_Tiled_D.uasset" 180
"../../../../../UnrealEngine/Unreal Projects/Rewind/Content/ParagonBoris/Characters/Global/Hair/T_Caustics_2.uasset" 181
"../../../../../UnrealEngine/Unreal Projects/Rewind/Content/ParagonBoris/Characters/Global/Hair/Materials/M_HairSheet_Master2.uasset" 182
"../../../../../UnrealEngine/Unreal Projects/Rewind/Content/ParagonBoris/Characters/Heroes/Boris/Materials/M_Boris_Hair2.uasset" 183
"../../../../../UnrealEngine/Unreal Projects/Rewind/Content/ParagonBoris/Characters/Heroes/Boris/Materials/M_Boris_Hair1.uasset" 184
"../../../../../UnrealEngine/Unreal Projects/Rewind/Content/ParagonBoris/Characters/Heroes/Boris/Textures/T_HipArmNormalDemo.uasset" 185
"../../../../../UnrealEngine/Unreal Projects/Rewind/Content/ParagonBoris/Characters/Heroes/Boris/Textures/T_HipArm_RGB.uasset" 186
"../../../../../UnrealEngine/Unreal Projects/Rewind/Content/ParagonBoris/Characters/Heroes/Boris/Textures/T_HipArm_M1.uasset" 187
"../../../../../UnrealEngine/Unreal Projects/Rewind/Content/ParagonBoris/Characters/Heroes/Boris/Textures/T_HipArm_M.uasset" 188
"../../../../../UnrealEngine/Unreal Projects/Rewind/Content/ParagonBoris/Characters/Heroes/Boris/Textures/T_TorsoNormalDemo.uasset" 189
"../../../../../UnrealEngine/Unreal Projects/Rewind/Content/ParagonBoris/Characters/Heroes/Boris/Textures/T_Torso_M.uasset" 190
"../../../Engine/Content/EngineResources/DefaultTexture.uasset" 191
"../../../../../UnrealEngine/Unreal Projects/Rewind/Content/ParagonBoris/Characters/Heroes/Boris/Textures/T_WaterFoam2_D.uasset" 192
"../../../../../UnrealEngine/Unreal Projects/Rewind/Content/ParagonBoris/Characters/Heroes/Boris/Textures/T_Torso_RGB.uasset" 193
"../../../../../UnrealEngine/Unreal Projects/Rewind/Content/ParagonBoris/Characters/Heroes/Boris/Textures/T_Torso_M1.uasset" 194
"../../../../../UnrealEngine/Unreal Projects/Rewind/Content/ParagonBoris/Characters/Heroes/Boris/Textures/T_Smoke_01.uasset" 195
"../../../../../UnrealEngine/Unreal Projects/Rewind/Content/ParagonBoris/Characters/Heroes/Boris/Textures/T_MarbleVein_D.uasset" 196
"../../../Engine/Content/Functions/Engine_MaterialFunctions03/Blends/Blend_Overlay.uasset" 197
"../../../../../UnrealEngine/Unreal Projects/Rewind/Content/ParagonBoris/Characters/Heroes/Boris/Materials/ML_Boris_Brew.uasset" 198
"../../../../../UnrealEngine/Unreal Projects/Rewind/Content/ParagonBoris/Characters/Global/MaterialLayers/Painted/ML_Plain_Glossy_Plastic.uasset" 199
"../../../../../UnrealEngine/Unreal Projects/Rewind/Content/ParagonBoris/Characters/Global/MaterialLayers/Metal/T_Steel_Dark_Aged_N.uasset" 200
"../../../../../UnrealEngine/Unreal Projects/Rewind/Content/ParagonBoris/Characters/Global/MaterialLayers/Metal/T_Steel_Stained_N.uasset" 201
"../../../../../UnrealEngine/Unreal Projects/Rewind/Content/ParagonBoris/Characters/Global/MaterialLayers/Metal/T_Steel_Stained_D.uasset" 202
"../../../../../UnrealEngine/Unreal Projects/Rewind/Content/ParagonBoris/Characters/Global/MaterialLayers/Metal/T_Steel_Dark_Aged_D.uasset" 203
"../../../../../UnrealEngine/Unreal Projects/Rewind/Content/ParagonBoris/Characters/Global/MaterialLayers/Metal/ML_Steel_StainedDirty.uasset" 204
"../../../../../UnrealEngine/Unreal Projects/Rewind/Content/ParagonBoris/Characters/Global/MaterialLayers/Metal/T_Rust01_N.uasset" 205
"../../../../../UnrealEngine/Unreal Projects/Rewind/Content/ParagonBoris/Characters/Global/MaterialLayers/Metal/T_Rust01.uasset" 206
"../../../../../UnrealEngine/Unreal Projects/Rewind/Content/ParagonBoris/Characters/Global/MaterialLayers/Metal/ML_Rust01.uasset" 207
"../../../../../UnrealEngine/Unreal Projects/Rewind/Content/ParagonBoris/Characters/Heroes/Boris/Textures/T_IronRust_Tile_N.uasset" 208
"../../../../../UnrealEngine/Unreal Projects/Rewind/Content/ParagonBoris/Characters/Heroes/Boris/Textures/T_IronRust_Tile_D.uasset" 209
"../../../../../UnrealEngine/Unreal Projects/Rewind/Content/ParagonBoris/Characters/Global/MaterialLayers/Metal/T_RoughMetal01_N.uasset" 210
"../../../../../UnrealEngine/Unreal Projects/Rewind/Content/ParagonBoris/Characters/Global/MaterialLayers/Metal/T_RoughMetal01.uasset" 211
"../../../../../UnrealEngine/Unreal Projects/Rewind/Content/ParagonBoris/Characters/Global/MaterialLayers/Metal/ML_PaintedTank.uasset" 212
"../../../../../UnrealEngine/Unreal Projects/Rewind/Content/ParagonBoris/Characters/Global/MaterialLayers/Metal/T_ML_Gold_Metal01.uasset" 213
"../../../../../UnrealEngine/Unreal Projects/Rewind/Content/ParagonBoris/Characters/Global/MaterialLayers/Metal/T_Blank_N.uasset" 214
"../../../../../UnrealEngine/Unreal Projects/Rewind/Content/ParagonBoris/Characters/Global/MaterialLayers/Metal/ML_Gold_Metal02.uasset" 215
"../../../Engine/Content/EngineResources/WhiteSquareTexture.uasset" 216
"../../../../../UnrealEngine/Unreal Projects/Rewind/Content/ParagonBoris/Characters/Global/MaterialFunctions/MF_OrionCharacterAO.uasset" 217
"../../../../../UnrealEngine/Unreal Projects/Rewind/Content/ParagonBoris/Characters/Heroes/Boris/Materials/M_Boris_Torso1.uasset" 218
"../../../../../UnrealEngine/Unreal Projects/Rewind/Content/ParagonBoris/Characters/Heroes/Boris/Materials/M_Boris_Arms_InstR.uasset" 219
"../../../../../UnrealEngine/Unreal Projects/Rewind/Content/ParagonBoris/Characters/Heroes/Boris/Materials/M_Boris_Arms_Inst1.uasset" 220
"../../../../../UnrealEngine/Unreal Projects/Rewind/Content/ParagonBoris/Characters/Global/Eyelash/T_Boris_Eyelashes_N.uasset" 221
"../../../../../UnrealEngine/Unreal Projects/Rewind/Content/ParagonBoris/Characters/Global/Eyelash/T_Boris_Eyelashes_D.uasset" 222
"../../../../../UnrealEngine/Unreal Projects/Rewind/Content/ParagonBoris/Characters/Global/Eyelash/M_EyelashMaster_N.uasset" 223
"../../../../../UnrealEngine/Unreal Projects/Rewind/Content/ParagonBoris/Characters/Global/Eyes/Materials/M_TearLine.uasset" 224
"../../../../../UnrealEngine/Unreal Projects/Rewind/Content/ParagonBoris/Characters/Global/Eyes/T_EyeOcclusion2.uasset" 225
"../../../Engine/Content/Functions/Engine_MaterialFunctions02/WorldPositionOffset/CameraOffset.uasset" 226
"../../../Engine/Content/Functions/Engine_MaterialFunctions02/Utility/VectorLength.uasset" 227
"../../../Engine/Content/Functions/Engine_MaterialFunctions02/Utility/CameraVectorWithWPOOptions.uasset" 228
"../../../Engine/Content/Functions/Engine_MaterialFunctions01/ImageAdjustment/BlurSampleOffsets.uasset" 229
"../../../Engine/Content/Functions/Engine_MaterialFunctions01/ImageAdjustment/SceneTextureAverage.uasset" 230
"../../../../../UnrealEngine/Unreal Projects/Rewind/Content/ParagonBoris/Characters/Global/Eyes/Materials/M_Eye_Occlusion.uasset" 231
"../../../../../UnrealEngine/Unreal Projects/Rewind/Content/ParagonBoris/Characters/Heroes/Boris/Materials/M_EyeGlow_Noise_Inst.uasset" 232
"../../../../../UnrealEngine/Unreal Projects/Rewind/Content/ParagonBoris/Characters/Heroes/Boris/Textures/T_LegNormalDemo.uasset" 233
"../../../../../UnrealEngine/Unreal Projects/Rewind/Content/ParagonBoris/Characters/Heroes/Boris/Textures/T_Leg_RGB.uasset" 234
"../../../../../UnrealEngine/Unreal Projects/Rewind/Content/ParagonBoris/Characters/Heroes/Boris/Textures/T_Leg_M1.uasset" 235
"../../../../../UnrealEngine/Unreal Projects/Rewind/Content/ParagonBoris/Characters/Heroes/Boris/Textures/T_Leg_M.uasset" 236
"../../../../../UnrealEngine/Unreal Projects/Rewind/Content/ParagonBoris/Characters/Heroes/Boris/Materials/M_Boris_Legs_Inst1.uasset" 237
"../../../Engine/Content/Functions/Engine_MaterialFunctions02/Utility/CameraDirectionVector.uasset" 238
"../../../Engine/Content/Functions/Engine_MaterialFunctions02/Math/InverseTransformMatrix.uasset" 239
"../../../Engine/Content/Functions/Engine_MaterialFunctions02/SafeNormalize.uasset" 240
"../../../Engine/Content/Functions/Engine_MaterialFunctions02/Math/CreateThirdOrthogonalVector.uasset" 241
"../../../Engine/Content/Functions/Engine_MaterialFunctions02/Math/TransformToZVector.uasset" 242
"../../../../../UnrealEngine/Unreal Projects/Rewind/Content/ParagonBoris/Characters/Heroes/Boris/Textures/T_Boris_Head_M1.uasset" 243
"../../../Engine/Content/EngineVolumetrics/Fogsheet/Materials/T_EV_BlankWhite_01.uasset" 244
"../../../Engine/Content/Functions/Engine_MaterialFunctions01/Texturing/ParallaxOcclusionMapping.uasset" 245
"../../../../../UnrealEngine/Unreal Projects/Rewind/Content/ParagonBoris/Characters/Global/MaterialFunctions/PDO_Sheets/MPC/MPC_POM.uasset" 246
"../../../../../UnrealEngine/Unreal Projects/Rewind/Content/ParagonBoris/Characters/Global/MaterialFunctions/PDO_Sheets/MF_ScaleStepsByDistance.uasset" 247
"../../../../../UnrealEngine/Unreal Projects/Rewind/Content/ParagonBoris/Characters/Global/MaterialFunctions/PDO_Sheets/MF_POM_Samples.uasset" 248
"../../../../../UnrealEngine/Unreal Projects/Rewind/Content/ParagonBoris/Characters/Global/MaterialFunctions/MF_PDO_QualitySwitch.uasset" 249
"../../../../../UnrealEngine/Unreal Projects/Rewind/Content/ParagonBoris/Characters/Heroes/Boris/Materials/ML_BorisShort_Fur1.uasset" 250
"../../../../../UnrealEngine/Unreal Projects/Rewind/Content/ParagonBoris/Characters/Heroes/Boris/Textures/T_Xgen_boris_head_n.uasset" 251
"../../../../../UnrealEngine/Unreal Projects/Rewind/Content/ParagonBoris/Characters/Heroes/Boris/Textures/T_Xgen_Bear_head_Mask.uasset" 252
"../../../../../UnrealEngine/Unreal Projects/Rewind/Content/ParagonBoris/Characters/Heroes/Boris/Materials/ML_BorisShort_Fur.uasset" 253
"../../../../../UnrealEngine/Unreal Projects/Rewind/Content/ParagonBoris/Characters/Global/MaterialLayers/Skin/T_Bear_Nose_Tile_M.uasset" 254
"../../../../../UnrealEngine/Unreal Projects/Rewind/Content/ParagonBoris/Characters/Global/MaterialLayers/Skin/T_Bear_Nose_Tile_NRM.uasset" 255
"../../../../../UnrealEngine/Unreal Projects/Rewind/Content/ParagonBoris/Characters/Global/MaterialFunctions/MF_BrearNosePores.uasset" 256
"../../../../../UnrealEngine/Unreal Projects/Rewind/Content/ParagonBoris/Characters/Global/MaterialLayers/Skin/ML_BearNose.uasset" 257
"../../../../../UnrealEngine/Unreal Projects/Rewind/Content/ParagonBoris/Characters/Heroes/Boris/Materials/M_Boris_Head2.uasset" 258
"../../../../../UnrealEngine/Unreal Projects/Rewind/Content/ParagonBoris/Characters/Heroes/Boris/Meshes/Boris.uasset" 259
"../../../../../UnrealEngine/Unreal Projects/Rewind/Content/ParagonBoris/Characters/Heroes/Boris/Animations/Attack/BorisAttackBase.uasset" 260
"../../../../../UnrealEngine/Unreal Projects/Rewind/Content/ParagonBoris/Characters/Heroes/Boris/Animations/Attack/BorisAttackBaseMontage.uasset" 261
"../../../../../UnrealEngine/Unreal Projects/Rewind/Content/ParagonBoris/Characters/Heroes/Boris/Animations/Jog_Slow.uasset" 262
"../../../../../UnrealEngine/Unreal Projects/Rewind/Content/ParagonBoris/Characters/Heroes/Boris/Animations/Idle.uasset" 263
"../../../../../UnrealEngine/Unreal Projects/Rewind/Content/ParagonBoris/Characters/Heroes/Boris/Animations/Blendspaces/JogSlowBlend.uasset" 264
"../../../../../UnrealEngine/Unreal Projects/Rewind/Content/ParagonBoris/Characters/Heroes/Boris/Animations/Jog_Fwd.uasset" 265
"../../../../../UnrealEngine/Unreal Projects/Rewind/Content/ParagonBoris/Characters/Heroes/Boris/Animations/Blendspaces/JogForwardBlend.uasset" 266
"../../../../../UnrealEngine/Unreal Projects/Rewind/Content/ParagonBoris/Characters/Heroes/Boris/Animations/Jog_Backward.uasset" 267
"../../../../../UnrealEngine/Unreal Projects/Rewind/Content/ParagonBoris/Characters/Heroes/Boris/Animations/Blendspaces/JogBackwardBlend.uasset" 268
"../../../../../UnrealEngine/Unreal Projects/Rewind/Content/ParagonBoris/Characters/Heroes/Boris/Animations/Jump_Start.uasset" 269
"../../../../../UnrealEngine/Unreal Projects/Rewind/Content/ParagonBoris/Characters/Heroes/Boris/Animations/Jump_Land_Recovery_Additive.uasset" 270
"../../../../../UnrealEngine/Unreal Projects/Rewind/Content/ParagonBoris/Characters/Heroes/Boris/Animations/Jump_Land.uasset" 271
"../../../../../UnrealEngine/Unreal Projects/Rewind/Content/ParagonBoris/Characters/Heroes/Boris/Animations/Jump_Apex.uasset" 272
"../../../../../UnrealEngine/Unreal Projects/Rewind/Content/ParagonBoris/Characters/Heroes/Boris/Animations/Jog_Fwd_Stop.uasset" 273
"../../../../../UnrealEngine/Unreal Projects/Rewind/Content/ParagonBoris/Characters/Heroes/Boris/Animations/Jog_Fwd_Start.uasset" 274
"../../../../../UnrealEngine/Unreal Projects/Rewind/Content/ParagonBoris/Characters/Heroes/Boris/Animations/AnimBP_Boris_Rigging.uasset" 275
"../../../../../UnrealEngine/Unreal Projects/Rewind/Content/Materials/RedGlow.uasset" 276
"../../../../../UnrealEngine/Unreal Projects/Rewind/Content/Animations/Enemy/Death/DeathBase.uasset" 277
"../../../../../UnrealEngine/Unreal Projects/Rewind/Content/Animations/Enemy/Death/DeathSlowComp.uasset" 278
"../../../../../UnrealEngine/Unreal Projects/Rewind/Content/Animations/Enemy/Death/DeathSlowMontage.uasset" 279
"../../../../../UnrealEngine/Unreal Projects/Rewind/Content/Animations/Enemy/Death/DeathForwardComp.uasset" 280
"../../../../../UnrealEngine/Unreal Projects/Rewind/Content/Animations/Enemy/Death/DeathForwardMontage.uasset" 281
"../../../../../UnrealEngine/Unreal Projects/Rewind/Content/Animations/Enemy/Death/DeathBackwardComp.uasset" 282
"../../../../../UnrealEngine/Unreal Projects/Rewind/Content/Animations/Enemy/Death/DeathBackwardMontage.uasset" 283
"../../../../../UnrealEngine/Unreal Projects/Rewind/Content/Animations/Enemy/Movement/RunForwardSlow.uasset" 284
"../../../../../UnrealEngine/Unreal Projects/Rewind/Content/Animations/Enemy/ThirdPersonIdle.uasset" 285
"../../../../../UnrealEngine/Unreal Projects/Rewind/Content/Animations/Enemy/Movement/RunForwardSlowBlen.uasset" 286
"../../../../../UnrealEngine/Unreal Projects/Rewind/Content/Animations/Enemy/Movement/RunForward.uasset" 287
"../../../../../UnrealEngine/Unreal Projects/Rewind/Content/Animations/Enemy/Movement/RunForwardBlend.uasset" 288
"../../../../../UnrealEngine/Unreal Projects/Rewind/Content/Animations/Enemy/Movement/RunBackward.uasset" 289
"../../../../../UnrealEngine/Unreal Projects/Rewind/Content/Animations/Enemy/Movement/RunBackwardBlend.uasset" 290
"../../../../../UnrealEngine/Unreal Projects/Rewind/Content/Animations/Enemy/Death/DeathIdle.uasset" 291
"../../../../../UnrealEngine/Unreal Projects/Rewind/Content/Animations/Enemy/EnemyAnimBP.uasset" 292
"../../../../../UnrealEngine/Unreal Projects/Rewind/Content/Weapons/InfinityBladeWeapons/Weapons/Blade/Axes/Blade_AnthraciteAxe/SK_Blade_AnthraciteAxe_Skeleton.uasset" 293
"../../../../../UnrealEngine/Unreal Projects/Rewind/Content/Weapons/InfinityBladeWeapons/Weapons/Blade/Axes/Blade_AnthraciteAxe/T_Blade_AnthraciteAxe2_N.uasset" 294
"../../../../../UnrealEngine/Unreal Projects/Rewind/Content/Weapons/InfinityBladeWeapons/Weapons/Blade/Axes/Blade_AnthraciteAxe/T_Blade_AnthraciteAxe2_M.uasset" 295
"../../../../../UnrealEngine/Unreal Projects/Rewind/Content/Weapons/InfinityBladeWeapons/Weapons/Blade/Axes/Blade_AnthraciteAxe/T_Blade_AnthraciteAxe2_D.uasset" 296
"../../../../../UnrealEngine/Unreal Projects/Rewind/Content/Weapons/InfinityBladeWeapons/Weapons/Blade/Axes/Blade_AnthraciteAxe/T_Blade_AnthraciteAxe1_N.uasset" 297
"../../../../../UnrealEngine/Unreal Projects/Rewind/Content/Weapons/InfinityBladeWeapons/Weapons/Blade/Axes/Blade_AnthraciteAxe/T_Blade_AnthraciteAxe1_M.uasset" 298
"../../../../../UnrealEngine/Unreal Projects/Rewind/Content/Weapons/InfinityBladeWeapons/Weapons/Blade/Axes/Blade_AnthraciteAxe/T_Blade_AnthraciteAxe1_D.uasset" 299
"../../../../../UnrealEngine/Unreal Projects/Rewind/Content/Weapons/InfinityBladeWeapons/Weapons/Blade/Axes/Blade_AnthraciteAxe/M_Blade_AnthraciteAxe.uasset" 300
"../../../../../UnrealEngine/Unreal Projects/Rewind/Content/Weapons/InfinityBladeWeapons/Weapons/Blade/Axes/Blade_AnthraciteAxe/SK_Blade_AnthraciteAxe.uasset" 301
"../../../../../UnrealEngine/Unreal Projects/Rewind/Content/Blueprints/Enemies/MainAIBlackboard.uasset" 302
"../../../../../UnrealEngine/Unreal Projects/Rewind/Content/Blueprints/Enemies/BehaviourTaskMoveToEnemy.uasset" 303
"../../../../../UnrealEngine/Unreal Projects/Rewind/Content/Blueprints/Enemies/BehaviourTaskAtackEnemy.uasset" 304
"../../../../../UnrealEngine/Unreal Projects/Rewind/Content/Blueprints/Enemies/MainAIBehaviourTree.uasset" 305
"../../../../../UnrealEngine/Unreal Projects/Rewind/Content/Blueprints/Enemies/MainAiController.uasset" 306
"../../../../../UnrealEngine/Unreal Projects/Rewind/Content/Blueprints/Enemies/BaseEnemy.uasset" 307
"../../../../../UnrealEngine/Unreal Projects/Rewind/Content/ParagonBoris/Characters/Heroes/Boris/Animations/Attack/BorisAttackSlow.uasset" 308
"../../../../../UnrealEngine/Unreal Projects/Rewind/Content/ParagonBoris/Characters/Heroes/Boris/Animations/Attack/BorisAttackSlowMontage.uasset" 309
"../../../../../UnrealEngine/Unreal Projects/Rewind/Content/ParagonBoris/Characters/Heroes/Boris/Animations/Attack/BorisAttackBackward.uasset" 310
"../../../../../UnrealEngine/Unreal Projects/Rewind/Content/ParagonBoris/Characters/Heroes/Boris/Animations/Attack/BorisAttackBackwardMontage.uasset" 311
"../../../../../UnrealEngine/Unreal Projects/Rewind/Content/Blueprints/Enemies/Boss/BorisBoss.uasset" 312
"../../../../../UnrealEngine/Unreal Projects/Rewind/Content/ParagonBoris/Characters/Heroes/Boris/Boris_AnimBlueprint.uasset" 313
"../../../../../UnrealEngine/Unreal Projects/Rewind/Content/ParagonBoris/Characters/Heroes/Boris/BorisPlayerCharacter.uasset" 314
"../../../../../UnrealEngine/Unreal Projects/Rewind/Content/ParagonBoris/Characters/Heroes/Boris/Animations/LevelStart.uasset" 315
"../../../../../UnrealEngine/Unreal Projects/Rewind/Content/ParagonBoris/Characters/Heroes/Boris/Animations/LevelStart_Montage.uasset" 316
"../../../../../UnrealEngine/Unreal Projects/Rewind/Content/ParagonBoris/Characters/Heroes/Boris/Animations/AimOffset/Idle_AO_CC.uasset" 317
"../../../../../UnrealEngine/Unreal Projects/Rewind/Content/ParagonBoris/Characters/Heroes/Boris/Animations/AimOffset/Idle_AO_RU.uasset" 318
"../../../../../UnrealEngine/Unreal Projects/Rewind/Content/ParagonBoris/Characters/Heroes/Boris/Animations/AimOffset/Idle_AO_RD.uasset" 319
"../../../../../UnrealEngine/Unreal Projects/Rewind/Content/ParagonBoris/Characters/Heroes/Boris/Animations/AimOffset/Idle_AO_RC.uasset" 320
"../../../../../UnrealEngine/Unreal Projects/Rewind/Content/ParagonBoris/Characters/Heroes/Boris/Animations/AimOffset/Idle_AO_LU.uasset" 321
"../../../../../UnrealEngine/Unreal Projects/Rewind/Content/ParagonBoris/Characters/Heroes/Boris/Animations/AimOffset/Idle_AO_LD.uasset" 322
"../../../../../UnrealEngine/Unreal Projects/Rewind/Content/ParagonBoris/Characters/Heroes/Boris/Animations/AimOffset/Idle_AO_LC.uasset" 323
"../../../../../UnrealEngine/Unreal Projects/Rewind/Content/ParagonBoris/Characters/Heroes/Boris/Animations/AimOffset/Idle_AO_CU.uasset" 324
"../../../../../UnrealEngine/Unreal Projects/Rewind/Content/ParagonBoris/Characters/Heroes/Boris/Animations/AimOffset/Idle_AO_CD.uasset" 325
"../../../../../UnrealEngine/Unreal Projects/Rewind/Content/ParagonBoris/Characters/Heroes/Boris/Animations/AimOffset/Boris_AO_Blendspace.uasset" 326
"../../../../../UnrealEngine/Unreal Projects/Rewind/Content/ParagonBoris/Characters/Heroes/Boris/Animations/Jog_Fwd_UpHill.uasset" 327
"../../../../../UnrealEngine/Unreal Projects/Rewind/Content/ParagonBoris/Characters/Heroes/Boris/Animations/Jog_Fwd_DownHill.uasset" 328
"../../../../../UnrealEngine/Unreal Projects/Rewind/Content/ParagonBoris/Characters/Heroes/Boris/Animations/Jog_Fwd_CircleRight.uasset" 329
"../../../../../UnrealEngine/Unreal Projects/Rewind/Content/ParagonBoris/Characters/Heroes/Boris/Animations/Jog_Fwd_CircleLeft.uasset" 330
"../../../../../UnrealEngine/Unreal Projects/Rewind/Content/ParagonBoris/Characters/Heroes/Boris/Animations/Blendspaces/JogFwdSlopeLean.uasset" 331
"../../../../../UnrealEngine/Unreal Projects/Rewind/Content/Textures/T_ALL_ForgeFace_D.uasset" 332
"../../../../../UnrealEngine/Unreal Projects/Rewind/Content/Textures/T_ALL_ForgeFace_E.uasset" 333
"../../../../../UnrealEngine/Unreal Projects/Rewind/Content/Textures/T_ALL_ForgeFace_M.uasset" 334
"../../../../../UnrealEngine/Unreal Projects/Rewind/Content/Textures/T_ALL_ForgeFace_N.uasset" 335
"../../../Engine/Content/EngineMaterials/T_Default_Material_Grid_N.uasset" 336
"../../../Engine/Content/EngineMaterials/T_Default_Material_Grid_M.uasset" 337
"../../../Engine/Content/Functions/Engine_MaterialFunctions01/Opacity/CameraDepthFade.uasset" 338
"../../../Engine/Content/EngineMaterials/WorldGridMaterial.uasset" 339
"../../../Engine/Content/ArtTools/RenderToTexture/Meshes/S_1_Unit_Plane.uasset" 340
"../../../Engine/Content/BasicShapes/Plane.uasset" 341
"../../../Engine/Content/EditorLandscapeResources/DataLayer.uasset" 342
"../../../Engine/Content/EditorLandscapeResources/DefaultAlphaTexture.uasset" 343
"../../../Engine/Content/EditorMaterials/MAT_Groups_Toggle.uasset" 344
"../../../Engine/Content/EditorMaterials/MAT_Groups_Visibility.uasset" 345
"../../../Engine/Content/EditorMaterials/PreviewShadowIndicator.uasset" 346
"../../../Engine/Content/EditorMaterials/PreviewShadowIndicatorMaterial.uasset" 347
"../../../Engine/Content/EditorMaterials/MatineeGroups/MAT_ColorTrack.uasset" 348
"../../../Engine/Content/EditorMaterials/MatineeGroups/MAT_Groups_Anim.uasset" 349
"../../../Engine/Content/EditorMaterials/MatineeGroups/MAT_Groups_AudioMaster.uasset" 350
"../../../Engine/Content/EditorMaterials/MatineeGroups/MAT_Groups_Director.uasset" 351
"../../../Engine/Content/EditorMaterials/MatineeGroups/MAT_Groups_Event.uasset" 352
"../../../Engine/Content/EditorMaterials/MatineeGroups/MAT_Groups_Fade.uasset" 353
"../../../Engine/Content/EditorMaterials/MatineeGroups/MAT_Groups_Float.uasset" 354
"../../../Engine/Content/EditorMaterials/MatineeGroups/MAT_Groups_Move.uasset" 355
"../../../Engine/Content/EditorMaterials/MatineeGroups/MAT_Groups_Slomo.uasset" 356
"../../../Engine/Content/EditorMaterials/MatineeGroups/MAT_Groups_Sound.uasset" 357
"../../../Engine/Content/EditorMaterials/MatineeGroups/MAT_Groups_Vector.uasset" 358
"../../../Engine/Content/EditorMaterials/ParticleSystems/PSysThumbnail_NoImage.uasset" 359
"../../../Engine/Content/EditorMaterials/ParticleSystems/PSysThumbnail_OOD.uasset" 360
"../../../Engine/Content/EditorMaterials/Camera/CineMat.uasset" 361
"../../../Engine/Content/EditorMaterials/Camera/MI_CineMat_Rig.uasset" 362
"../../../Engine/Content/EditorMeshes/Camera/SM_CraneRig_Arm.uasset" 363
"../../../Engine/Content/EditorMeshes/Camera/SM_CraneRig_Base.uasset" 364
"../../../Engine/Content/EditorMeshes/Camera/SM_CraneRig_Body.uasset" 365
"../../../Engine/Content/EditorMeshes/Camera/SM_CraneRig_Mount.uasset" 366
"../../../Engine/Content/EditorMeshes/Camera/SM_RailRig_Mount.uasset" 367
"../../../Engine/Content/EditorMeshes/Camera/SM_RailRig_Track.uasset" 368
"../../../Engine/Content/EditorResources/BSPVertex.uasset" 369
"../../../Engine/Content/EditorResources/EmptyActor.uasset" 370
"../../../Engine/Content/EditorResources/S_Actor.uasset" 371
"../../../Engine/Content/EditorResources/S_Note.uasset" 372
"../../../Engine/Content/EditorResources/S_Solver.uasset" 373
"../../../Engine/Content/EditorResources/S_Terrain.uasset" 374
"../../../Engine/Content/EditorResources/S_Trigger.uasset" 375
"../../../Engine/Content/EditorResources/LightIcons/S_LightError.uasset" 376
"../../../Engine/Content/EditorResources/SequenceRecorder/Countdown.uasset" 377
"../../../Engine/Content/EditorResources/SequenceRecorder/RecordingIndicator.uasset" 378
"../../../Engine/Content/EngineDamageTypes/DmgTypeBP_Environmental.uasset" 379
"../../../Engine/Content/EngineDebugMaterials/DebugEditorMaterial.uasset" 380
"../../../Engine/Content/EngineDebugMaterials/DebugMeshMaterial.uasset" 381
"../../../Engine/Content/EngineDebugMaterials/M_SimpleUnlitTranslucent.uasset" 382
"../../../Engine/Content/EngineDebugMaterials/VolumeToRender.uasset" 383
"../../../Engine/Content/EngineDebugMaterials/M_VolumeRenderSphereTracePP.uasset" 384
"../../../Engine/Content/Functions/Engine_MaterialFunctions01/Shading/ConvertFromDiffSpec.uasset" 385
"../../../Engine/Content/EngineDebugMaterials/VertexColorMaterial.uasset" 386
"../../../Engine/Content/EngineDebugMaterials/WireframeMaterial.uasset" 387
"../../../Engine/Content/EngineFonts/Faces/RobotoRegular.uasset" 388
"../../../Engine/Content/EngineFonts/Faces/RobotoLight.uasset" 389
"../../../Engine/Content/EngineFonts/Faces/RobotoItalic.uasset" 390
"../../../Engine/Content/EngineFonts/Faces/RobotoBoldItalic.uasset" 391
"../../../Engine/Content/EngineFonts/Faces/RobotoBold.uasset" 392
"../../../Engine/Content/EngineFonts/Faces/DroidSansFallback.uasset" 393
"../../../Engine/Content/EngineFonts/Roboto.uasset" 394
"../../../Engine/Content/EngineMaterials/BaseFlattenNormalMap.uasset" 395
"../../../Engine/Content/EngineMaterials/BaseFlattenGrayscaleMap.uasset" 396
"../../../Engine/Content/EngineMaterials/BaseFlattenEmissiveMap.uasset" 397
"../../../Engine/Content/EngineMaterials/BaseFlattenDiffuseMap.uasset" 398
"../../../Engine/Content/EngineMaterials/BaseFlattenMaterial.uasset" 399
"../../../Engine/Content/EngineMaterials/BlueNoise.uasset" 400
"../../../Engine/Content/EngineMaterials/DefaultBloomKernel.uasset" 401
"../../../Engine/Content/EngineMaterials/DefaultBokeh.uasset" 402
"../../../Engine/Content/EngineMaterials/DefaultDeferredDecalMaterial.uasset" 403
"../../../Engine/Content/EngineMaterials/DefaultLightFunctionMaterial.uasset" 404
"../../../Engine/Content/EngineMaterials/DefaultPhysicalMaterial.uasset" 405
"../../../Engine/Content/Functions/Engine_MaterialFunctions02/Utility/BreakOutFloat2Components.uasset" 406
"../../../Engine/Content/EngineMaterials/DefaultPostProcessMaterial.uasset" 407
"../../../Engine/Content/EngineFonts/RobotoDistanceField.uasset" 408
"../../../Engine/Content/EngineMaterials/DefaultTextMaterialOpaque.uasset" 409
"../../../Engine/Content/EngineMaterials/DefaultWhiteGrid.uasset" 410
"../../../Engine/Content/EngineMaterials/DefaultWhiteGrid_Low.uasset" 411
"../../../Engine/Content/EngineMaterials/EmissiveMeshMaterial.uasset" 412
"../../../Engine/Content/EngineMaterials/GizmoMaterial.uasset" 413
"../../../Engine/Content/EngineMaterials/MiniFont.uasset" 414
"../../../Engine/Content/EngineMaterials/InvalidLightmapSettings.uasset" 415
"../../../Engine/Content/EngineMaterials/M_InvalidLightmapSettings.uasset" 416
"../../../Engine/Content/EngineMaterials/PhAT_JointLimitMaterial.uasset" 417
"../../../Engine/Content/EngineMaterials/PreintegratedSkinBRDF.uasset" 418
"../../../Engine/Content/EngineMaterials/RemoveSurfaceMaterial.uasset" 419
"../../../Engine/Content/EngineMaterials/WeightMapPlaceholderTexture.uasset" 420
"../../../Engine/Content/EngineMaterials/Widget3DPassThrough.uasset" 421
"../../../Engine/Content/EngineMaterials/Widget3DPassThrough_Masked.uasset" 422
"../../../Engine/Content/EngineMaterials/Widget3DPassThrough_Opaque.uasset" 423
"../../../Engine/Content/EngineMaterials/Widget3DPassThrough_Masked_OneSided.uasset" 424
"../../../Engine/Content/EngineMaterials/Widget3DPassThrough_Opaque_OneSided.uasset" 425
"../../../Engine/Content/EngineMaterials/Widget3DPassThrough_Translucent.uasset" 426
"../../../Engine/Content/EngineMaterials/Widget3DPassThrough_Translucent_OneSided.uasset" 427
"../../../Engine/Content/EngineMaterials/DefaultMaterial.uasset" 428
"../../../Engine/Content/EngineMeshes/Cylinder.uasset" 429
"../../../Engine/Content/EngineMeshes/Sphere.uasset" 430
"../../../Engine/Content/EngineResources/DefaultTextureCube.uasset" 431
"../../../Engine/Content/EngineResources/DefaultVolumeTexture2D.uasset" 432
"../../../Engine/Content/EngineResources/DefaultVolumeTexture.uasset" 433
"../../../Engine/Content/EngineResources/GradientTexture0.uasset" 434
"../../../Engine/Content/EngineSky/VolumetricClouds/T_NoiseShape64.uasset" 435
"../../../Engine/Content/EngineSky/VolumetricClouds/T_VolumeNoiseShape64.uasset" 436
"../../../Engine/Content/EngineSky/VolumetricClouds/T_NoiseErosion.uasset" 437
"../../../Engine/Content/EngineSky/VolumetricClouds/T_VolumeNoiseErosion32.uasset" 438
"../../../Engine/Content/EngineSky/VolumetricClouds/CloudWeatherTexture.uasset" 439
"../../../Engine/Content/EngineSky/VolumetricClouds/CloudGradientTexture.uasset" 440
"../../../Engine/Content/Functions/Engine_MaterialFunctions02/Utility/MakeFloat2.uasset" 441
"../../../Engine/Content/EngineSky/VolumetricClouds/m_SimpleVolumetricCloud.uasset" 442
"../../../Engine/Content/EngineSky/VolumetricClouds/m_SimpleVolumetricCloud_Inst.uasset" 443
"../../../Engine/Content/EngineSounds/Master.uasset" 444
"../../../Engine/Content/Functions/Engine_MaterialFunctions01/Shading/PowerToRoughness.uasset" 445
"../../../Engine/Content/Maps/Templates/Thumbnails/Default.uasset" 446
"../../../Engine/Content/Maps/Templates/Thumbnails/TimeOfDay.uasset" 447
"../../../Engine/Content/Maps/Templates/Thumbnails/VR-Basic.uasset" 448
"../../../Engine/Content/MobileResources/T_MobileControls_texture.uasset" 449
"../../../Engine/Content/MobileResources/T_MobileMenu2.uasset" 450
"../../../Engine/Content/MobileResources/HUD/AnalogHat.uasset" 451
"../../../Engine/Content/MobileResources/HUD/VirtualJoystick_Thumb.uasset" 452
"../../../Engine/Content/MobileResources/HUD/VirtualJoystick_Background.uasset" 453
"../../../Engine/Content/MobileResources/HUD/DefaultVirtualJoysticks.uasset" 454
"../../../Engine/Content/MobileResources/HUD/LeftVirtualJoystickOnly.uasset" 455
"../../../Engine/Content/MobileResources/HUD/MobileHUDButton1_off.uasset" 456
"../../../Engine/Content/MobileResources/HUD/MobileHUDButton1_on.uasset" 457
"../../../Engine/Content/MobileResources/HUD/MobileHUDButton2_off.uasset" 458
"../../../Engine/Content/MobileResources/HUD/MobileHUDButton2_on.uasset" 459
"../../../Engine/Content/MobileResources/HUD/MobileHUDButton3.uasset" 460
"../../../Engine/Content/MobileResources/HUD/MobileHUDButtonFire.uasset" 461
"../../../Engine/Content/MobileResources/HUD/MobileHUDDirectionPad.uasset" 462
"../../../Engine/Content/MobileResources/HUD/MobileHUDDirectionPad2.uasset" 463
"../../../Engine/Content/MobileResources/HUD/MobileHUDDirectionPad3.uasset" 464
"../../../Engine/Content/MobileResources/HUD/MobileHUDDirectionStick.uasset" 465
"../../../Engine/Content/MobileResources/HUD/T_Castle_ThumbstickInner.uasset" 466
"../../../Engine/Content/MobileResources/HUD/T_Castle_ThumbstickOutter.uasset" 467
"../../../Engine/Content/Tutorial/ContentIntroCurve.uasset" 468
"../../../Engine/Content/Tutorial/Basics/LevelEditorAttract.uasset" 469
"../../../Engine/Content/Tutorial/Basics/TutorialAssets/icon_tab_Levels_40x.uasset" 470
"../../../Engine/Content/Tutorial/Basics/LevelEditorOverview.uasset" 471
"../../../Engine/Content/Tutorial/SubEditors/ParticleSystemEditorTutorial.uasset" 472
"../../../Engine/Content/Tutorial/SubEditors/TutorialAssets/T_soft_smoke.uasset" 473
"../../../Engine/Content/Tutorial/SubEditors/TutorialAssets/T_SmokeSubUV_8X8.uasset" 474
"../../../Engine/Content/Tutorial/SubEditors/TutorialAssets/M_smoke_subUV_blackbody.uasset" 475
"../../../Engine/Content/Tutorial/SubEditors/TutorialAssets/TutorialParticleSystem.uasset" 476
"../../../Engine/Content/VREditor/TransformGizmo/TranslucentTransformGizmoMaterial.uasset" 477
"../../../Engine/Content/VREditor/LaserPointer/VR_LaserPower_01.uasset" 478
"../../../Engine/Content/VREditor/TransformGizmo/TransformGizmoMaterial.uasset" 479
"../../../Engine/Content/VREditor/TransformGizmo/BoundingBoxCorner.uasset" 480
"../../../Engine/Content/VREditor/TransformGizmo/BoundingBoxEdge.uasset" 481
"../../../Engine/Content/VREditor/TransformGizmo/PlaneTranslationHandle.uasset" 482
"../../../Engine/Content/VREditor/TransformGizmo/Xray.uasset" 483
"../../../Engine/Content/VREditor/TransformGizmo/Main.uasset" 484
"../../../Engine/Content/VREditor/TransformGizmo/SM_Sequencer_Key.uasset" 485
"../../../Engine/Content/VREditor/TransformGizmo/SM_Sequencer_Node.uasset" 486
"../../Plugins/2D/Paper2D/Content/PlaceholderTextures/DummySpriteTexture.uasset" 487
"../../Plugins/2D/Paper2D/Content/DummySprite.uasset" 488
"../../Plugins/2D/Paper2D/Content/DefaultPaperTerrainMaterial.uasset" 489
"../../Plugins/2D/Paper2D/Content/DefaultSpriteMaterial.uasset" 490
"../../Plugins/2D/Paper2D/Content/MaskedUnlitSpriteMaterial.uasset" 491
"../../Plugins/2D/Paper2D/Content/OpaqueUnlitSpriteMaterial.uasset" 492
"../../Plugins/Editor/SpeedTreeImporter/Content/SpeedTree9/UnpackInteger3.uasset" 493
"../../Plugins/Editor/SpeedTreeImporter/Content/SpeedTree9/UnpackDirection.uasset" 494
"../../Plugins/Editor/SpeedTreeImporter/Content/SpeedTree9/game_wind_noise.uasset" 495
"../../Plugins/Editor/SpeedTreeImporter/Content/SpeedTree9/SpeedTreeWindMotion.uasset" 496
"../../Plugins/Editor/SpeedTreeImporter/Content/SpeedTree9/SpeedTreeBranchMotion.uasset" 497
"../../../Engine/Content/Functions/Engine_MaterialFunctions02/ObjectLocalBounds.uasset" 498
"../../../Engine/Content/Functions/Engine_MaterialFunctions02/UVs/BoundingBoxBased_0-1_UVW.uasset" 499
"../../Plugins/Editor/SpeedTreeImporter/Content/SpeedTree9/SpeedTreeWind.uasset" 500
"../../Plugins/Editor/SpeedTreeImporter/Content/SpeedTree9/SpeedTreeBillboard.uasset" 501
"../../Plugins/Editor/SpeedTreeImporter/Content/SpeedTree9/SpeedTreeBillboardMaster.uasset" 502
"../../Plugins/Editor/SpeedTreeImporter/Content/SpeedTree9/SpeedTreeCameraFacing.uasset" 503
"../../Plugins/Editor/SpeedTreeImporter/Content/SpeedTree9/SpeedTreeMaster.uasset" 504
"../../../Engine/Content/ArtTools/RenderToTexture/Materials/Debug/M_Emissive_Color.uasset" 505
"../../../Engine/Content/BasicShapes/Cylinder.uasset" 506
"../../Plugins/Lumin/MagicLeapPassableWorld/Content/MagicLeapARPinInfoActor.uasset" 507
"../../../Engine/Content/Functions/Engine_MaterialFunctions02/Utility/BreakOutFloat4Components.uasset" 508
"../../../Engine/Content/Functions/Engine_MaterialFunctions02/Utility/MakeFloat3.uasset" 509
"../../Plugins/Runtime/Oculus/OculusVR/Content/Materials/OculusMR_ChromaKey.uasset" 510
"../../Plugins/Runtime/Oculus/OculusVR/Content/Materials/OculusMR_OpaqueColoredMaterial.uasset" 511
"../../Plugins/Runtime/Oculus/OculusVR/Content/Materials/PokeAHoleMaterial.uasset" 512
"../../../Engine/Content/BasicShapes/Cube.uasset" 513
"../../../Engine/Content/BasicShapes/BasicShapeMaterial.uasset" 514
"../../../../../UnrealEngine/Unreal Projects/Rewind/Content/Blueprints/VoidZone.uasset" 515
"../../../../../UnrealEngine/Unreal Projects/Rewind/Content/Blueprints/TriggerableInterface.uasset" 516
"../../../../../UnrealEngine/Unreal Projects/Rewind/Content/Blueprints/TriggerZone.uasset" 517
"../../../../../UnrealEngine/Unreal Projects/Rewind/Content/Blueprints/RewindManager/BaseRewindableActor.uasset" 518
"../../../../../UnrealEngine/Unreal Projects/Rewind/Content/Blueprints/TransportCube.uasset" 519
"../../../Engine/Content/BasicShapes/Cone.uasset" 520
"../../Plugins/FX/Niagara/Content/VectorFields/Assets/TilingCurl32.uasset" 521
"../../Plugins/FX/Niagara/Content/Enums/ENiagaraTorusDistributionMode.uasset" 522
"../../Plugins/FX/Niagara/Content/Enums/ENiagaraSystemInactiveMode.uasset" 523
"../../Plugins/FX/Niagara/Content/Enums/ENiagaraScaleColorMode.uasset" 524
"../../Plugins/FX/Niagara/Content/Enums/ENiagaraRandomnessMode.uasset" 525
"../../Plugins/FX/Niagara/Content/Enums/ENiagaraMassByVolume.uasset" 526
"../../Plugins/FX/Niagara/Content/Enums/ENiagaraInactiveMode.uasset" 527
"../../Plugins/FX/Niagara/Content/Enums/ENiagaraExpansionMode.uasset" 528
"../../Plugins/FX/Niagara/Content/Enums/ENiagaraEmitterScalabilityMode_Limited.uasset" 529
"../../Plugins/FX/Niagara/Content/Enums/ENiagaraEmitterLifeCycleMode.uasset" 530
"../../Plugins/FX/Niagara/Content/Enums/ENiagaraCurlNoiseQuality.uasset" 531
"../../Plugins/FX/Niagara/Content/Enums/ENiagaraCoordinateSpace.uasset" 532
"../../Plugins/FX/Niagara/Content/Enums/ENiagara_InfiniteLoopDuration.uasset" 533
"../../Plugins/FX/Niagara/Content/Enums/ENiagara_EmitterStateOptions.uasset" 534
"../../../../../UnrealEngine/Unreal Projects/Rewind/Content/Particles/Textures/T_Fire_Distortion.uasset" 535
"../../../../../UnrealEngine/Unreal Projects/Rewind/Content/Particles/Materials/M_Exhaust.uasset" 536
"../../../../../UnrealEngine/Unreal Projects/Rewind/Content/Particles/Meshes/SM_Exhaust.uasset" 537
"../../Plugins/FX/Niagara/Content/Functions/DirectionAndLengthSafe.uasset" 538
"../../Plugins/FX/Niagara/Content/Modules/Update/Size/ScaleSpriteSizeBySpeed.uasset" 539
"../../Plugins/FX/Niagara/Content/Modules/Update/Size/ScaleMeshSize.uasset" 540
"../../Plugins/FX/Niagara/Content/Modules/Update/Mass/CalculateSizeAndRotationalInertiaByMass.uasset" 541
"../../Plugins/FX/Niagara/Content/Modules/Update/Lifetime/ParticleState.uasset" 542
"../../Plugins/FX/Niagara/Content/Functions/Localspace/TransformBase.uasset" 543
"../../Plugins/FX/Niagara/Content/Functions/Localspace/TransformVector.uasset" 544
"../../Plugins/FX/Niagara/Content/Modules/Update/Forces/GravityForce.uasset" 545
"../../Plugins/FX/Niagara/Content/Modules/Update/Forces/Drag.uasset" 546
"../../Plugins/FX/Niagara/Content/VectorFields/Assets/TilingCurl64.uasset" 547
"../../Plugins/FX/Niagara/Content/VectorFields/Assets/TilingCurl16.uasset" 548
"../../Plugins/FX/Niagara/Content/Functions/FindAngleBetweenVectors.uasset" 549
"../../Plugins/FX/Niagara/Content/Functions/V2/RemapRange.uasset" 550
"../../Plugins/FX/Niagara/Content/Functions/V2/ConeMask.uasset" 551
"../../Plugins/FX/Niagara/Content/Functions/Masks/ConeMask.uasset" 552
"../../Plugins/FX/Niagara/Content/Functions/Localspace/SimulationPosition.uasset" 553
"../../Plugins/FX/Niagara/Content/Modules/Update/Forces/CurlNoiseForce.uasset" 554
"../../Plugins/FX/Niagara/Content/Modules/Update/Color/ScaleColor.uasset" 555
"../../Plugins/FX/Niagara/Content/Modules/Update/Color/Color.uasset" 556
"../../Plugins/FX/Niagara/Content/Functions/System/SystemChangeState.uasset" 557
"../../Plugins/FX/Niagara/Content/Modules/System/SystemState.uasset" 558
"../../Plugins/FX/Niagara/Content/Functions/Math/RemapValueRange.uasset" 559
"../../Plugins/FX/Niagara/Content/Functions/PolarToCartesianCoordinates.uasset" 560
"../../Plugins/FX/Niagara/Content/Functions/GetRandomInfo.uasset" 561
"../../Plugins/FX/Niagara/Content/Functions/RandomRangeFloat.uasset" 562
"../../Plugins/FX/Niagara/Content/Functions/RandomVectorInCone.uasset" 563
"../../Plugins/FX/Niagara/Content/Functions/Rotation/MultiplyVectorWithQuaternion.uasset" 564
"../../Plugins/FX/Niagara/Content/Functions/Rotation/FindQuatBetween.uasset" 565
"../../Plugins/FX/Niagara/Content/Modules/Spawn/Velocity/AddVelocityInCone.uasset" 566
"../../Plugins/FX/Niagara/Content/Functions/RandomPointInSphere.uasset" 567
"../../Plugins/FX/Niagara/Content/Modules/Spawn/Location/SphereLocation.uasset" 568
"../../Plugins/FX/Niagara/Content/Modules/Spawn/Initialization/InitializeParticle.uasset" 569
"../../Plugins/FX/Niagara/Content/Modules/Emitter/SpawnRate.uasset" 570
"../../Plugins/FX/Niagara/Content/Enums/ENiagaraRandomnessEvaluation.uasset" 571
"../../Plugins/FX/Niagara/Content/Functions/V2/CalculateRandomRangeFloat.uasset" 572
"../../Plugins/FX/Niagara/Content/Modules/Emitter/SpawnBurst_Instantaneous.uasset" 573
"../../Plugins/FX/Niagara/Content/Functions/Emitter/EmitterChangeState.uasset" 574
"../../Plugins/FX/Niagara/Content/Enums/ENiagaraExecutionStateManagement.uasset" 575
"../../Plugins/FX/Niagara/Content/Modules/Emitter/EmitterState.uasset" 576
"../../Plugins/FX/Niagara/Content/DynamicInputs/ValueFromCurve/FloatFromCurve.uasset" 577
"../../Plugins/FX/Niagara/Content/DynamicInputs/UniformRange/UniformRangedVector.uasset" 578
"../../Plugins/FX/Niagara/Content/Functions/RandomRangeInteger.uasset" 579
"../../Plugins/FX/Niagara/Content/DynamicInputs/UniformRange/UniformRangedInt.uasset" 580
"../../Plugins/FX/Niagara/Content/DynamicInputs/UniformRange/UniformRangedFloat.uasset" 581
"../../Plugins/FX/Niagara/Content/DynamicInputs/TypeConversions/VectorFromFloat.uasset" 582
"../../Plugins/FX/Niagara/Content/DynamicInputs/TypeConversions/Vector2DFromFloat.uasset" 583
"../../Plugins/FX/Niagara/Content/DynamicInputs/Multiply/Multiply_VectorByFloat.uasset" 584
"../../Plugins/FX/Niagara/Content/DynamicInputs/Multiply/Multiply_Vector2.uasset" 585
"../../Plugins/FX/Niagara/Content/DynamicInputs/Multiply/Multiply_Float.uasset" 586
"../../Plugins/FX/Niagara/Content/DynamicInputs/LinearColor/MultiplyLinearColor.uasset" 587
"../../Plugins/FX/Niagara/Content/DynamicInputs/LinearColor/MakeFloat4FromVectorAndFloat.uasset" 588
"../../Plugins/FX/Niagara/Content/DynamicInputs/LinearColor/LerpLinearColors.uasset" 589
"../../Plugins/FX/Niagara/Content/DynamicInputs/Helpers/SimulationPosition.uasset" 590
"../../Plugins/FX/Niagara/Content/DynamicInputs/Add/Add_Vector.uasset" 591
"../../Plugins/FX/Niagara/Content/Modules/Solvers/SolveForcesAndVelocity.uasset" 592
"../../Plugins/FX/Niagara/Content/DynamicInputs/Add/Add_Float.uasset" 593
"../../Plugins/FX/Niagara/Content/DefaultAssets/DefaultSpriteMaterial.uasset" 594
"../../../../../UnrealEngine/Unreal Projects/Rewind/Content/Particles/P_Exhaust.uasset" 595
"../../../../../UnrealEngine/Unreal Projects/Rewind/Content/Blueprints/Rocket.uasset" 596
"../../../../../UnrealEngine/Unreal Projects/Rewind/Content/Materials/PhysicalMaterials/Bouncy.uasset" 597
"../../../Engine/Content/BasicShapes/Sphere.uasset" 598
"../../../../../UnrealEngine/Unreal Projects/Rewind/Content/Blueprints/Rock.uasset" 599
"../../../../../UnrealEngine/Unreal Projects/Rewind/Content/Materials/Blocks/CubeMaterial.uasset" 600
"../../../../../UnrealEngine/Unreal Projects/Rewind/Content/Geometry/Meshes/Blocks/1M_Cube.uasset" 601
"../../../../../UnrealEngine/Unreal Projects/Rewind/Content/Materials/Glass.uasset" 602
"../../../../../UnrealEngine/Unreal Projects/Rewind/Content/Materials/BlueGlass.uasset" 603
"../../../../../UnrealEngine/Unreal Projects/Rewind/Content/Blueprints/ResetScreen.uasset" 604
"../../../../../UnrealEngine/Unreal Projects/Rewind/Content/Blueprints/Platform.uasset" 605
"../../../../../UnrealEngine/Unreal Projects/Rewind/Content/Blueprints/MovedDoors.uasset" 606
"../../../../../UnrealEngine/Unreal Projects/Rewind/Content/Materials/SimpleYellow.uasset" 607
"../../../../../UnrealEngine/Unreal Projects/Rewind/Content/Blueprints/DroppedPlatform.uasset" 608
"../../../Engine/Content/EngineSky/T_Sky_Stars.uasset" 609
"../../../Engine/Content/EngineSky/T_Sky_Clouds_M.uasset" 610
"../../../Engine/Content/EngineSky/T_Sky_Blue.uasset" 611
"../../../../../UnrealEngine/Unreal Projects/Rewind/Content/Materials/Textures/Rock/T_RB_LS_Dirt_01_DispAlpha_D.uasset" 612
"../../../../../UnrealEngine/Unreal Projects/Rewind/Content/Materials/Textures/Rock/T_GDC_Rocktest_01_N.uasset" 613
"../../../../../UnrealEngine/Unreal Projects/Rewind/Content/Materials/Textures/Rock/T_Cave_Rock_Large02_N.uasset" 614
"../../../../../UnrealEngine/Unreal Projects/Rewind/Content/Materials/M_Cave_Rock_Out.uasset" 615
"../../../Engine/Content/EngineSky/M_Sky_Panning_Clouds2.uasset" 616
"../../../../../UnrealEngine/Unreal Projects/Rewind/Content/Levels/FirstTestLevel_BuiltData.uasset" 617
"../../../Engine/Content/EngineSky/SM_SkySphere.uasset" 618
"../../../Engine/Content/EngineSky/C_Sky_Zenith_Color.uasset" 619
"../../../Engine/Content/EngineSky/C_Sky_Horizon_Color.uasset" 620
"../../../Engine/Content/EngineSky/C_Sky_Cloud_Color.uasset" 621
"../../../Engine/Content/EngineSky/BP_Sky_Sphere.uasset" 622
"../../../../../UnrealEngine/Unreal Projects/Rewind/Content/Animations/Enemy/EnemyAttack/AttackBase.uasset" 623
"../../../../../UnrealEngine/Unreal Projects/Rewind/Content/Animations/Enemy/EnemyAttack/AttackSlowComp.uasset" 624
"../../../../../UnrealEngine/Unreal Projects/Rewind/Content/Animations/Enemy/EnemyAttack/AttackSlowMontage.uasset" 625
"../../../../../UnrealEngine/Unreal Projects/Rewind/Content/Animations/Enemy/EnemyAttack/AttackBaseComp.uasset" 626
"../../../../../UnrealEngine/Unreal Projects/Rewind/Content/Animations/Enemy/EnemyAttack/AttackBaseMontage.uasset" 627
"../../../../../UnrealEngine/Unreal Projects/Rewind/Content/Animations/Enemy/EnemyAttack/AttackBackwardComp.uasset" 628
"../../../../../UnrealEngine/Unreal Projects/Rewind/Content/Animations/Enemy/EnemyAttack/AttackBackwardMontage.uasset" 629
"../../../../../UnrealEngine/Unreal Projects/Rewind/Content/Materials/SimpleBlue.uasset" 630
"../../../../../UnrealEngine/Unreal Projects/Rewind/Content/Blueprints/Enemies/SimpleEnemy.uasset" 631
"../../../../../UnrealEngine/Unreal Projects/Rewind/Content/Levels/FirstTestLevel.umap" 632
"../../../../../UnrealEngine/Unreal Projects/Rewind/Content/Levels/ThirdPersonExampleMap_BuiltData.uasset" 633
"../../../../../UnrealEngine/Unreal Projects/Rewind/Content/Blueprints/CubeActor.uasset" 634
"../../../../../UnrealEngine/Unreal Projects/Rewind/Content/Geometry/Meshes/Blocks/TemplateFloor.uasset" 635
"../../../../../UnrealEngine/Unreal Projects/Rewind/Content/Materials/Blocks/RampMaterial.uasset" 636
"../../../../../UnrealEngine/Unreal Projects/Rewind/Content/Geometry/Meshes/Blocks/RightArm_StaticMesh.uasset" 637
"../../../../../UnrealEngine/Unreal Projects/Rewind/Content/Geometry/Meshes/Blocks/Ramp_StaticMesh.uasset" 638
"../../../../../UnrealEngine/Unreal Projects/Rewind/Content/Geometry/Meshes/Blocks/Linear_Stair_StaticMesh.uasset" 639
"../../../../../UnrealEngine/Unreal Projects/Rewind/Content/Geometry/Meshes/Blocks/LeftArm_StaticMesh.uasset" 640
"../../../../../UnrealEngine/Unreal Projects/Rewind/Content/Geometry/Meshes/Blocks/Bump_StaticMesh.uasset" 641
"../../../../../UnrealEngine/Unreal Projects/Rewind/Content/Geometry/Meshes/Blocks/1M_Cube_Chamfer.uasset" 642
"../../../../../UnrealEngine/Unreal Projects/Rewind/Content/Levels/ThirdPersonExampleMap.umap" 643
"../../../../../UnrealEngine/Unreal Projects/Rewind/Content/Levels/MainLevel_BuiltData.uasset" 644
"../../../../../UnrealEngine/Unreal Projects/Rewind/Content/Geometry/StairsWall.uasset" 645
"../../../../../UnrealEngine/Unreal Projects/Rewind/Content/Blueprints/Enemies/AdvancedEnemy.uasset" 646
"../../../../../UnrealEngine/Unreal Projects/Rewind/Content/Levels/MainLevel.umap" 647
"../../../Engine/Content/Maps/Entry_BuiltData.uasset" 648
"../../../Engine/Content/Maps/Entry.umap" 649
